C:\USERS\JOHN\DOCUMENTS\GITHUB\TETRIS\TETRIS\DEBUG\APP.OBJ
C:\USERS\JOHN\DOCUMENTS\GITHUB\TETRIS\TETRIS\DEBUG\VC110.PDB
C:\USERS\JOHN\DOCUMENTS\GITHUB\TETRIS\DEBUG\TETRIS.ILK
C:\USERS\JOHN\DOCUMENTS\GITHUB\TETRIS\DEBUG\TETRIS.EXE
C:\USERS\JOHN\DOCUMENTS\GITHUB\TETRIS\DEBUG\TETRIS.PDB
C:\Users\john\Documents\GitHub\tetris\tetris\Debug\Tetris.vcxprojResolveAssemblyReference.cache
C:\Users\john\Documents\GitHub\tetris\tetris\Debug\App.obj
C:\Users\john\Documents\GitHub\tetris\tetris\Debug\cl.command.1.tlog
C:\Users\john\Documents\GitHub\tetris\tetris\Debug\CL.read.1.tlog
C:\Users\john\Documents\GitHub\tetris\tetris\Debug\CL.write.1.tlog
C:\Users\john\Documents\GitHub\tetris\tetris\Debug\link-cvtres.read.1.tlog
C:\Users\john\Documents\GitHub\tetris\tetris\Debug\link-cvtres.write.1.tlog
C:\Users\john\Documents\GitHub\tetris\tetris\Debug\link-rc.read.1.tlog
C:\Users\john\Documents\GitHub\tetris\tetris\Debug\link-rc.write.1.tlog
C:\Users\john\Documents\GitHub\tetris\tetris\Debug\link.command.1.tlog
C:\Users\john\Documents\GitHub\tetris\tetris\Debug\link.read.1.tlog
C:\Users\john\Documents\GitHub\tetris\tetris\Debug\link.write.1.tlog
C:\Users\john\Documents\GitHub\tetris\tetris\Debug\vc110.idb
C:\Users\john\Documents\GitHub\tetris\tetris\Debug\vc110.pdb
C:\Users\john\Documents\GitHub\tetris\Debug\Tetris.pdb
C:\Users\john\Documents\GitHub\tetris\Debug\Tetris.exe
C:\Users\john\Documents\GitHub\tetris\Debug\Tetris.ilk
