Build started 5/2/2014 3:37:16 AM.
     1>Project "C:\Users\john\Documents\GitHub\tetris\TetrisLib\TetrisLib.vcxproj" on node 2 (Rebuild target(s)).
     1>C:\Program Files (x86)\MSBuild\Microsoft.Cpp\v4.0\V110\Microsoft.CppBuild.targets(346,5): warning MSB8004: Output Directory does not end with a trailing slash.  This build instance will add the slash as it is required to allow proper evaluation of the Output Directory.
     1>ClCompile:
         D:\Program Files (x86)\Microsoft Visual Studio 11.0\VC\bin\CL.exe /c /ZI /nologo /W3 /WX- /sdl /Od /Oy- /D WIN32 /D _DEBUG /D _LIB /D _UNICODE /D UNICODE /Gm /EHsc /RTC1 /MDd /GS /fp:precise /Zc:wchar_t /Zc:forScope /Yc"stdafx.h" /Fp"Debug\TetrisLib.pch" /Fo"Debug\\" /Fd"Debug\vc110.pdb" /Gd /TP /analyze- /errorReport:prompt stdafx.cpp
         stdafx.cpp
         D:\Program Files (x86)\Microsoft Visual Studio 11.0\VC\bin\CL.exe /c /ZI /nologo /W3 /WX- /sdl /Od /Oy- /D WIN32 /D _DEBUG /D _LIB /D _UNICODE /D UNICODE /Gm /EHsc /RTC1 /MDd /GS /fp:precise /Zc:wchar_t /Zc:forScope /Yu"stdafx.h" /Fp"Debug\TetrisLib.pch" /Fo"Debug\\" /Fd"Debug\vc110.pdb" /Gd /TP /analyze- /errorReport:prompt Background.cpp Z.cpp Block.cpp Circle.cpp J.cpp L.cpp LButton.cpp Line.cpp LTexture.cpp LTimer.cpp S.cpp Shape.cpp Square.cpp StringInput.cpp T.cpp
         T.cpp
     1>c:\users\john\documents\github\tetris\tetrislib\t.cpp(84): warning C4154: deletion of an array expression; conversion to pointer supplied
     1>c:\users\john\documents\github\tetris\tetrislib\t.cpp(104): warning C4244: 'initializing' : conversion from 'double' to 'int', possible loss of data
     1>c:\users\john\documents\github\tetris\tetrislib\t.cpp(105): warning C4244: 'initializing' : conversion from 'double' to 'int', possible loss of data
     1>c:\users\john\documents\github\tetris\tetrislib\t.cpp(124): warning C4244: '=' : conversion from 'double' to 'int', possible loss of data
     1>c:\users\john\documents\github\tetris\tetrislib\t.cpp(125): warning C4244: '=' : conversion from 'double' to 'int', possible loss of data
     1>c:\users\john\documents\github\tetris\tetrislib\t.cpp(146): warning C4244: '=' : conversion from 'double' to 'int', possible loss of data
     1>c:\users\john\documents\github\tetris\tetrislib\t.cpp(147): warning C4244: '=' : conversion from 'double' to 'int', possible loss of data
         StringInput.cpp
         Square.cpp
     1>c:\users\john\documents\github\tetris\tetrislib\square.cpp(83): warning C4154: deletion of an array expression; conversion to pointer supplied
         Shape.cpp
         S.cpp
     1>c:\users\john\documents\github\tetris\tetrislib\s.cpp(80): warning C4154: deletion of an array expression; conversion to pointer supplied
     1>c:\users\john\documents\github\tetris\tetrislib\s.cpp(108): warning C4244: 'initializing' : conversion from 'double' to 'int', possible loss of data
     1>c:\users\john\documents\github\tetris\tetrislib\s.cpp(109): warning C4244: 'initializing' : conversion from 'double' to 'int', possible loss of data
     1>c:\users\john\documents\github\tetris\tetrislib\s.cpp(128): warning C4244: '=' : conversion from 'double' to 'int', possible loss of data
     1>c:\users\john\documents\github\tetris\tetrislib\s.cpp(129): warning C4244: '=' : conversion from 'double' to 'int', possible loss of data
     1>c:\users\john\documents\github\tetris\tetrislib\s.cpp(148): warning C4244: '=' : conversion from 'double' to 'int', possible loss of data
     1>c:\users\john\documents\github\tetris\tetrislib\s.cpp(149): warning C4244: '=' : conversion from 'double' to 'int', possible loss of data
     1>c:\users\john\documents\github\tetris\tetrislib\s.cpp(168): warning C4244: '=' : conversion from 'double' to 'int', possible loss of data
     1>c:\users\john\documents\github\tetris\tetrislib\s.cpp(169): warning C4244: '=' : conversion from 'double' to 'int', possible loss of data
         LTimer.cpp
         LTexture.cpp
         Line.cpp
     1>c:\users\john\documents\github\tetris\tetrislib\line.cpp(83): warning C4154: deletion of an array expression; conversion to pointer supplied
     1>c:\users\john\documents\github\tetris\tetrislib\line.cpp(101): warning C4244: 'initializing' : conversion from 'double' to 'int', possible loss of data
     1>c:\users\john\documents\github\tetris\tetrislib\line.cpp(102): warning C4244: 'initializing' : conversion from 'double' to 'int', possible loss of data
     1>c:\users\john\documents\github\tetris\tetrislib\line.cpp(115): warning C4244: '=' : conversion from 'double' to 'int', possible loss of data
     1>c:\users\john\documents\github\tetris\tetrislib\line.cpp(116): warning C4244: '=' : conversion from 'double' to 'int', possible loss of data
     1>c:\users\john\documents\github\tetris\tetrislib\line.cpp(129): warning C4244: '=' : conversion from 'double' to 'int', possible loss of data
     1>c:\users\john\documents\github\tetris\tetrislib\line.cpp(130): warning C4244: '=' : conversion from 'double' to 'int', possible loss of data
     1>c:\users\john\documents\github\tetris\tetrislib\line.cpp(143): warning C4244: '=' : conversion from 'double' to 'int', possible loss of data
     1>c:\users\john\documents\github\tetris\tetrislib\line.cpp(144): warning C4244: '=' : conversion from 'double' to 'int', possible loss of data
         LButton.cpp
         L.cpp
     1>c:\users\john\documents\github\tetris\tetrislib\l.cpp(47): warning C4154: deletion of an array expression; conversion to pointer supplied
     1>c:\users\john\documents\github\tetris\tetrislib\l.cpp(70): warning C4244: 'initializing' : conversion from 'double' to 'int', possible loss of data
     1>c:\users\john\documents\github\tetris\tetrislib\l.cpp(71): warning C4244: 'initializing' : conversion from 'double' to 'int', possible loss of data
     1>c:\users\john\documents\github\tetris\tetrislib\l.cpp(84): warning C4244: '=' : conversion from 'double' to 'int', possible loss of data
     1>c:\users\john\documents\github\tetris\tetrislib\l.cpp(85): warning C4244: '=' : conversion from 'double' to 'int', possible loss of data
     1>c:\users\john\documents\github\tetris\tetrislib\l.cpp(98): warning C4244: '=' : conversion from 'double' to 'int', possible loss of data
     1>c:\users\john\documents\github\tetris\tetrislib\l.cpp(99): warning C4244: '=' : conversion from 'double' to 'int', possible loss of data
     1>c:\users\john\documents\github\tetris\tetrislib\l.cpp(112): warning C4244: '=' : conversion from 'double' to 'int', possible loss of data
     1>c:\users\john\documents\github\tetris\tetrislib\l.cpp(113): warning C4244: '=' : conversion from 'double' to 'int', possible loss of data
         J.cpp
     1>c:\users\john\documents\github\tetris\tetrislib\j.cpp(46): warning C4154: deletion of an array expression; conversion to pointer supplied
     1>c:\users\john\documents\github\tetris\tetrislib\j.cpp(63): warning C4244: 'initializing' : conversion from 'double' to 'int', possible loss of data
     1>c:\users\john\documents\github\tetris\tetrislib\j.cpp(64): warning C4244: 'initializing' : conversion from 'double' to 'int', possible loss of data
     1>c:\users\john\documents\github\tetris\tetrislib\j.cpp(77): warning C4244: '=' : conversion from 'double' to 'int', possible loss of data
     1>c:\users\john\documents\github\tetris\tetrislib\j.cpp(78): warning C4244: '=' : conversion from 'double' to 'int', possible loss of data
     1>c:\users\john\documents\github\tetris\tetrislib\j.cpp(91): warning C4244: '=' : conversion from 'double' to 'int', possible loss of data
     1>c:\users\john\documents\github\tetris\tetrislib\j.cpp(92): warning C4244: '=' : conversion from 'double' to 'int', possible loss of data
     1>c:\users\john\documents\github\tetris\tetrislib\j.cpp(105): warning C4244: '=' : conversion from 'double' to 'int', possible loss of data
     1>c:\users\john\documents\github\tetris\tetrislib\j.cpp(106): warning C4244: '=' : conversion from 'double' to 'int', possible loss of data
         Circle.cpp
         Block.cpp
         Z.cpp
     1>c:\users\john\documents\github\tetris\tetrislib\z.h(17): warning C4227: anachronism used : qualifiers on reference are ignored
     1>c:\users\john\documents\github\tetris\tetrislib\z.cpp(78): warning C4154: deletion of an array expression; conversion to pointer supplied
     1>c:\users\john\documents\github\tetris\tetrislib\z.cpp(106): warning C4244: 'initializing' : conversion from 'double' to 'int', possible loss of data
     1>c:\users\john\documents\github\tetris\tetrislib\z.cpp(107): warning C4244: 'initializing' : conversion from 'double' to 'int', possible loss of data
     1>c:\users\john\documents\github\tetris\tetrislib\z.cpp(126): warning C4244: '=' : conversion from 'double' to 'int', possible loss of data
     1>c:\users\john\documents\github\tetris\tetrislib\z.cpp(127): warning C4244: '=' : conversion from 'double' to 'int', possible loss of data
     1>c:\users\john\documents\github\tetris\tetrislib\z.cpp(146): warning C4244: '=' : conversion from 'double' to 'int', possible loss of data
     1>c:\users\john\documents\github\tetris\tetrislib\z.cpp(147): warning C4244: '=' : conversion from 'double' to 'int', possible loss of data
     1>c:\users\john\documents\github\tetris\tetrislib\z.cpp(166): warning C4244: '=' : conversion from 'double' to 'int', possible loss of data
     1>c:\users\john\documents\github\tetris\tetrislib\z.cpp(167): warning C4244: '=' : conversion from 'double' to 'int', possible loss of data
         Background.cpp
         Generating Code...
       Lib:
         D:\Program Files (x86)\Microsoft Visual Studio 11.0\VC\bin\Lib.exe /OUT:"C:\Users\john\Documents\GitHub\tetris\Debug\TetrisLib.lib" /NOLOGO Debug\Background.obj
         Debug\Z.obj
         Debug\Block.obj
         Debug\Circle.obj
         Debug\J.obj
         Debug\L.obj
         Debug\LButton.obj
         Debug\Line.obj
         Debug\LTexture.obj
         Debug\LTimer.obj
         Debug\S.obj
         Debug\Shape.obj
         Debug\Square.obj
         Debug\stdafx.obj
         Debug\StringInput.obj
         Debug\T.obj
         TetrisLib.vcxproj -> C:\Users\john\Documents\GitHub\tetris\Debug\TetrisLib.lib
     1>Done Building Project "C:\Users\john\Documents\GitHub\tetris\TetrisLib\TetrisLib.vcxproj" (Rebuild target(s)).

Build succeeded.

Time Elapsed 00:00:04.99
