C:\USERS\JOHN\DOCUMENTS\GITHUB\TETRIS\TETRISLIB\DEBUG\TETRISLIB.PCH
C:\USERS\JOHN\DOCUMENTS\GITHUB\TETRIS\TETRISLIB\DEBUG\STDAFX.OBJ
C:\USERS\JOHN\DOCUMENTS\GITHUB\TETRIS\TETRISLIB\DEBUG\VC110.PDB
C:\USERS\JOHN\DOCUMENTS\GITHUB\TETRIS\TETRISLIB\DEBUG\BACKGROUND.OBJ
C:\USERS\JOHN\DOCUMENTS\GITHUB\TETRIS\TETRISLIB\DEBUG\Z.OBJ
C:\USERS\JOHN\DOCUMENTS\GITHUB\TETRIS\TETRISLIB\DEBUG\BLOCK.OBJ
C:\USERS\JOHN\DOCUMENTS\GITHUB\TETRIS\TETRISLIB\DEBUG\CIRCLE.OBJ
C:\USERS\JOHN\DOCUMENTS\GITHUB\TETRIS\TETRISLIB\DEBUG\J.OBJ
C:\USERS\JOHN\DOCUMENTS\GITHUB\TETRIS\TETRISLIB\DEBUG\L.OBJ
C:\USERS\JOHN\DOCUMENTS\GITHUB\TETRIS\TETRISLIB\DEBUG\LBUTTON.OBJ
C:\USERS\JOHN\DOCUMENTS\GITHUB\TETRIS\TETRISLIB\DEBUG\LINE.OBJ
C:\USERS\JOHN\DOCUMENTS\GITHUB\TETRIS\TETRISLIB\DEBUG\LTEXTURE.OBJ
C:\USERS\JOHN\DOCUMENTS\GITHUB\TETRIS\TETRISLIB\DEBUG\LTIMER.OBJ
C:\USERS\JOHN\DOCUMENTS\GITHUB\TETRIS\TETRISLIB\DEBUG\S.OBJ
C:\USERS\JOHN\DOCUMENTS\GITHUB\TETRIS\TETRISLIB\DEBUG\SHAPE.OBJ
C:\USERS\JOHN\DOCUMENTS\GITHUB\TETRIS\TETRISLIB\DEBUG\SQUARE.OBJ
C:\USERS\JOHN\DOCUMENTS\GITHUB\TETRIS\TETRISLIB\DEBUG\STRINGINPUT.OBJ
C:\USERS\JOHN\DOCUMENTS\GITHUB\TETRIS\TETRISLIB\DEBUG\T.OBJ
C:\USERS\JOHN\DOCUMENTS\GITHUB\TETRIS\DEBUG\TETRISLIB.LIB
C:\Users\john\Documents\GitHub\tetris\TetrisLib\Debug\Background.obj
C:\Users\john\Documents\GitHub\tetris\TetrisLib\Debug\Block.obj
C:\Users\john\Documents\GitHub\tetris\TetrisLib\Debug\Circle.obj
C:\Users\john\Documents\GitHub\tetris\TetrisLib\Debug\J.obj
C:\Users\john\Documents\GitHub\tetris\TetrisLib\Debug\L.obj
C:\Users\john\Documents\GitHub\tetris\TetrisLib\Debug\LButton.obj
C:\Users\john\Documents\GitHub\tetris\TetrisLib\Debug\Line.obj
C:\Users\john\Documents\GitHub\tetris\TetrisLib\Debug\LTexture.obj
C:\Users\john\Documents\GitHub\tetris\TetrisLib\Debug\LTimer.obj
C:\Users\john\Documents\GitHub\tetris\TetrisLib\Debug\S.obj
C:\Users\john\Documents\GitHub\tetris\TetrisLib\Debug\Shape.obj
C:\Users\john\Documents\GitHub\tetris\TetrisLib\Debug\Square.obj
C:\Users\john\Documents\GitHub\tetris\TetrisLib\Debug\stdafx.obj
C:\Users\john\Documents\GitHub\tetris\TetrisLib\Debug\StringInput.obj
C:\Users\john\Documents\GitHub\tetris\TetrisLib\Debug\T.obj
C:\Users\john\Documents\GitHub\tetris\TetrisLib\Debug\Z.obj
C:\Users\john\Documents\GitHub\tetris\TetrisLib\Debug\cl.command.1.tlog
C:\Users\john\Documents\GitHub\tetris\TetrisLib\Debug\CL.read.1.tlog
C:\Users\john\Documents\GitHub\tetris\TetrisLib\Debug\CL.write.1.tlog
C:\Users\john\Documents\GitHub\tetris\TetrisLib\Debug\Lib-link.read.1.tlog
C:\Users\john\Documents\GitHub\tetris\TetrisLib\Debug\Lib-link.write.1.tlog
C:\Users\john\Documents\GitHub\tetris\TetrisLib\Debug\lib.command.1.tlog
C:\Users\john\Documents\GitHub\tetris\TetrisLib\Debug\TetrisLib.pch
C:\Users\john\Documents\GitHub\tetris\TetrisLib\Debug\vc110.idb
C:\Users\john\Documents\GitHub\tetris\TetrisLib\Debug\vc110.pdb
C:\Users\john\Documents\GitHub\tetris\Debug\TetrisLib.lib
